

Started GET "/" for 127.0.0.1 at 2019-03-31 11:45:09 -0700

Gem::LoadError (Specified 'sqlite3' for database adapter, but the gem is not loaded. Add `gem 'sqlite3'` to your Gemfile (and ensure its version is at the minimum required by ActiveRecord).):
  activerecord (4.2.10) lib/active_record/connection_adapters/connection_specification.rb:177:in `rescue in spec'
  activerecord (4.2.10) lib/active_record/connection_adapters/connection_specification.rb:174:in `spec'
  activerecord (4.2.10) lib/active_record/connection_handling.rb:50:in `establish_connection'
  activerecord (4.2.10) lib/active_record/railtie.rb:122:in `block (2 levels) in <class:Railtie>'
  activesupport (4.2.10) lib/active_support/lazy_load_hooks.rb:38:in `instance_eval'
  activesupport (4.2.10) lib/active_support/lazy_load_hooks.rb:38:in `execute_hook'
  activesupport (4.2.10) lib/active_support/lazy_load_hooks.rb:45:in `block in run_load_hooks'
  activesupport (4.2.10) lib/active_support/lazy_load_hooks.rb:44:in `each'
  activesupport (4.2.10) lib/active_support/lazy_load_hooks.rb:44:in `run_load_hooks'
  activerecord (4.2.10) lib/active_record/base.rb:315:in `<module:ActiveRecord>'
  activerecord (4.2.10) lib/active_record/base.rb:26:in `<top (required)>'
  activesupport (4.2.10) lib/active_support/dependencies.rb:274:in `require'
  activesupport (4.2.10) lib/active_support/dependencies.rb:274:in `block in require'
  activesupport (4.2.10) lib/active_support/dependencies.rb:240:in `load_dependency'
  activesupport (4.2.10) lib/active_support/dependencies.rb:274:in `require'
  activerecord (4.2.10) lib/active_record/migration.rb:383:in `connection'
  activerecord (4.2.10) lib/active_record/migration.rb:370:in `call'
  actionpack (4.2.10) lib/action_dispatch/middleware/callbacks.rb:29:in `block in call'
  activesupport (4.2.10) lib/active_support/callbacks.rb:88:in `__run_callbacks__'
  activesupport (4.2.10) lib/active_support/callbacks.rb:778:in `_run_call_callbacks'
  activesupport (4.2.10) lib/active_support/callbacks.rb:81:in `run_callbacks'
  actionpack (4.2.10) lib/action_dispatch/middleware/callbacks.rb:27:in `call'
  actionpack (4.2.10) lib/action_dispatch/middleware/reloader.rb:73:in `call'
  actionpack (4.2.10) lib/action_dispatch/middleware/remote_ip.rb:78:in `call'
  actionpack (4.2.10) lib/action_dispatch/middleware/debug_exceptions.rb:17:in `call'
  web-console (2.3.0) lib/web_console/middleware.rb:28:in `block in call'
  web-console (2.3.0) lib/web_console/middleware.rb:18:in `catch'
  web-console (2.3.0) lib/web_console/middleware.rb:18:in `call'
  actionpack (4.2.10) lib/action_dispatch/middleware/show_exceptions.rb:30:in `call'
  railties (4.2.10) lib/rails/rack/logger.rb:38:in `call_app'
  railties (4.2.10) lib/rails/rack/logger.rb:20:in `block in call'
  activesupport (4.2.10) lib/active_support/tagged_logging.rb:68:in `block in tagged'
  activesupport (4.2.10) lib/active_support/tagged_logging.rb:26:in `tagged'
  activesupport (4.2.10) lib/active_support/tagged_logging.rb:68:in `tagged'
  railties (4.2.10) lib/rails/rack/logger.rb:20:in `call'
  actionpack (4.2.10) lib/action_dispatch/middleware/request_id.rb:21:in `call'
  rack (1.6.11) lib/rack/methodoverride.rb:22:in `call'
  rack (1.6.11) lib/rack/runtime.rb:18:in `call'
  activesupport (4.2.10) lib/active_support/cache/strategy/local_cache_middleware.rb:28:in `call'
  rack (1.6.11) lib/rack/lock.rb:17:in `call'
  actionpack (4.2.10) lib/action_dispatch/middleware/static.rb:120:in `call'
  rack (1.6.11) lib/rack/sendfile.rb:113:in `call'
  railties (4.2.10) lib/rails/engine.rb:518:in `call'
  railties (4.2.10) lib/rails/application.rb:165:in `call'
  rack (1.6.11) lib/rack/lock.rb:17:in `call'
  rack (1.6.11) lib/rack/content_length.rb:15:in `call'
  rack (1.6.11) lib/rack/handler/webrick.rb:88:in `service'
  /home/eric/.rvm/rubies/ruby-2.4.0/lib/ruby/2.4.0/webrick/httpserver.rb:140:in `service'
  /home/eric/.rvm/rubies/ruby-2.4.0/lib/ruby/2.4.0/webrick/httpserver.rb:96:in `run'
  /home/eric/.rvm/rubies/ruby-2.4.0/lib/ruby/2.4.0/webrick/server.rb:290:in `block in start_thread'


  Rendered /home/eric/.rvm/gems/ruby-2.4.0/gems/actionpack-4.2.10/lib/action_dispatch/middleware/templates/rescues/_source.erb (2.2ms)
  Rendered /home/eric/.rvm/gems/ruby-2.4.0/gems/actionpack-4.2.10/lib/action_dispatch/middleware/templates/rescues/_trace.html.erb (1.2ms)
  Rendered /home/eric/.rvm/gems/ruby-2.4.0/gems/actionpack-4.2.10/lib/action_dispatch/middleware/templates/rescues/_request_and_response.html.erb (0.6ms)
  Rendered /home/eric/.rvm/gems/ruby-2.4.0/gems/actionpack-4.2.10/lib/action_dispatch/middleware/templates/rescues/diagnostics.html.erb within rescues/layout (15.3ms)
  Rendered /home/eric/.rvm/gems/ruby-2.4.0/gems/web-console-2.3.0/lib/web_console/templates/_markup.html.erb (0.2ms)
  Rendered /home/eric/.rvm/gems/ruby-2.4.0/gems/web-console-2.3.0/lib/web_console/templates/_inner_console_markup.html.erb within layouts/inlined_string (0.2ms)
  Rendered /home/eric/.rvm/gems/ruby-2.4.0/gems/web-console-2.3.0/lib/web_console/templates/_prompt_box_markup.html.erb within layouts/inlined_string (0.3ms)
  Rendered /home/eric/.rvm/gems/ruby-2.4.0/gems/web-console-2.3.0/lib/web_console/templates/style.css.erb within layouts/inlined_string (0.2ms)
  Rendered /home/eric/.rvm/gems/ruby-2.4.0/gems/web-console-2.3.0/lib/web_console/templates/console.js.erb within layouts/javascript (14.2ms)
  Rendered /home/eric/.rvm/gems/ruby-2.4.0/gems/web-console-2.3.0/lib/web_console/templates/main.js.erb within layouts/javascript (0.1ms)
  Rendered /home/eric/.rvm/gems/ruby-2.4.0/gems/web-console-2.3.0/lib/web_console/templates/error_page.js.erb within layouts/javascript (0.2ms)
  Rendered /home/eric/.rvm/gems/ruby-2.4.0/gems/web-console-2.3.0/lib/web_console/templates/index.html.erb (27.1ms)


Started GET "/" for 127.0.0.1 at 2019-03-31 11:46:19 -0700

Gem::LoadError (Specified 'sqlite3' for database adapter, but the gem is not loaded. Add `gem 'sqlite3'` to your Gemfile (and ensure its version is at the minimum required by ActiveRecord).):
  activerecord (4.2.10) lib/active_record/connection_adapters/connection_specification.rb:177:in `rescue in spec'
  activerecord (4.2.10) lib/active_record/connection_adapters/connection_specification.rb:174:in `spec'
  activerecord (4.2.10) lib/active_record/connection_handling.rb:50:in `establish_connection'
  activerecord (4.2.10) lib/active_record/railtie.rb:122:in `block (2 levels) in <class:Railtie>'
  activesupport (4.2.10) lib/active_support/lazy_load_hooks.rb:38:in `instance_eval'
  activesupport (4.2.10) lib/active_support/lazy_load_hooks.rb:38:in `execute_hook'
  activesupport (4.2.10) lib/active_support/lazy_load_hooks.rb:45:in `block in run_load_hooks'
  activesupport (4.2.10) lib/active_support/lazy_load_hooks.rb:44:in `each'
  activesupport (4.2.10) lib/active_support/lazy_load_hooks.rb:44:in `run_load_hooks'
  activerecord (4.2.10) lib/active_record/base.rb:315:in `<module:ActiveRecord>'
  activerecord (4.2.10) lib/active_record/base.rb:26:in `<top (required)>'
  activesupport (4.2.10) lib/active_support/dependencies.rb:274:in `require'
  activesupport (4.2.10) lib/active_support/dependencies.rb:274:in `block in require'
  activesupport (4.2.10) lib/active_support/dependencies.rb:240:in `load_dependency'
  activesupport (4.2.10) lib/active_support/dependencies.rb:274:in `require'
  activerecord (4.2.10) lib/active_record/migration.rb:383:in `connection'
  activerecord (4.2.10) lib/active_record/migration.rb:370:in `call'
  actionpack (4.2.10) lib/action_dispatch/middleware/callbacks.rb:29:in `block in call'
  activesupport (4.2.10) lib/active_support/callbacks.rb:88:in `__run_callbacks__'
  activesupport (4.2.10) lib/active_support/callbacks.rb:778:in `_run_call_callbacks'
  activesupport (4.2.10) lib/active_support/callbacks.rb:81:in `run_callbacks'
  actionpack (4.2.10) lib/action_dispatch/middleware/callbacks.rb:27:in `call'
  actionpack (4.2.10) lib/action_dispatch/middleware/reloader.rb:73:in `call'
  actionpack (4.2.10) lib/action_dispatch/middleware/remote_ip.rb:78:in `call'
  actionpack (4.2.10) lib/action_dispatch/middleware/debug_exceptions.rb:17:in `call'
  web-console (2.3.0) lib/web_console/middleware.rb:28:in `block in call'
  web-console (2.3.0) lib/web_console/middleware.rb:18:in `catch'
  web-console (2.3.0) lib/web_console/middleware.rb:18:in `call'
  actionpack (4.2.10) lib/action_dispatch/middleware/show_exceptions.rb:30:in `call'
  railties (4.2.10) lib/rails/rack/logger.rb:38:in `call_app'
  railties (4.2.10) lib/rails/rack/logger.rb:20:in `block in call'
  activesupport (4.2.10) lib/active_support/tagged_logging.rb:68:in `block in tagged'
  activesupport (4.2.10) lib/active_support/tagged_logging.rb:26:in `tagged'
  activesupport (4.2.10) lib/active_support/tagged_logging.rb:68:in `tagged'
  railties (4.2.10) lib/rails/rack/logger.rb:20:in `call'
  actionpack (4.2.10) lib/action_dispatch/middleware/request_id.rb:21:in `call'
  rack (1.6.11) lib/rack/methodoverride.rb:22:in `call'
  rack (1.6.11) lib/rack/runtime.rb:18:in `call'
  activesupport (4.2.10) lib/active_support/cache/strategy/local_cache_middleware.rb:28:in `call'
  rack (1.6.11) lib/rack/lock.rb:17:in `call'
  actionpack (4.2.10) lib/action_dispatch/middleware/static.rb:120:in `call'
  rack (1.6.11) lib/rack/sendfile.rb:113:in `call'
  railties (4.2.10) lib/rails/engine.rb:518:in `call'
  railties (4.2.10) lib/rails/application.rb:165:in `call'
  rack (1.6.11) lib/rack/lock.rb:17:in `call'
  rack (1.6.11) lib/rack/content_length.rb:15:in `call'
  rack (1.6.11) lib/rack/handler/webrick.rb:88:in `service'
  /home/eric/.rvm/rubies/ruby-2.4.0/lib/ruby/2.4.0/webrick/httpserver.rb:140:in `service'
  /home/eric/.rvm/rubies/ruby-2.4.0/lib/ruby/2.4.0/webrick/httpserver.rb:96:in `run'
  /home/eric/.rvm/rubies/ruby-2.4.0/lib/ruby/2.4.0/webrick/server.rb:290:in `block in start_thread'


  Rendered /home/eric/.rvm/gems/ruby-2.4.0/gems/actionpack-4.2.10/lib/action_dispatch/middleware/templates/rescues/_source.erb (1.8ms)
  Rendered /home/eric/.rvm/gems/ruby-2.4.0/gems/actionpack-4.2.10/lib/action_dispatch/middleware/templates/rescues/_trace.html.erb (1.1ms)
  Rendered /home/eric/.rvm/gems/ruby-2.4.0/gems/actionpack-4.2.10/lib/action_dispatch/middleware/templates/rescues/_request_and_response.html.erb (0.5ms)
  Rendered /home/eric/.rvm/gems/ruby-2.4.0/gems/actionpack-4.2.10/lib/action_dispatch/middleware/templates/rescues/diagnostics.html.erb within rescues/layout (12.4ms)
  Rendered /home/eric/.rvm/gems/ruby-2.4.0/gems/web-console-2.3.0/lib/web_console/templates/_markup.html.erb (0.3ms)
  Rendered /home/eric/.rvm/gems/ruby-2.4.0/gems/web-console-2.3.0/lib/web_console/templates/_inner_console_markup.html.erb within layouts/inlined_string (0.1ms)
  Rendered /home/eric/.rvm/gems/ruby-2.4.0/gems/web-console-2.3.0/lib/web_console/templates/_prompt_box_markup.html.erb within layouts/inlined_string (0.3ms)
  Rendered /home/eric/.rvm/gems/ruby-2.4.0/gems/web-console-2.3.0/lib/web_console/templates/style.css.erb within layouts/inlined_string (0.2ms)
  Rendered /home/eric/.rvm/gems/ruby-2.4.0/gems/web-console-2.3.0/lib/web_console/templates/console.js.erb within layouts/javascript (11.5ms)
  Rendered /home/eric/.rvm/gems/ruby-2.4.0/gems/web-console-2.3.0/lib/web_console/templates/main.js.erb within layouts/javascript (0.1ms)
  Rendered /home/eric/.rvm/gems/ruby-2.4.0/gems/web-console-2.3.0/lib/web_console/templates/error_page.js.erb within layouts/javascript (0.2ms)
  Rendered /home/eric/.rvm/gems/ruby-2.4.0/gems/web-console-2.3.0/lib/web_console/templates/index.html.erb (22.5ms)


Started GET "/" for 127.0.0.1 at 2019-03-31 11:47:05 -0700
Processing by Rails::WelcomeController#index as HTML
  Rendered /home/eric/.rvm/gems/ruby-2.4.0/gems/railties-4.2.10/lib/rails/templates/rails/welcome/index.html.erb (0.8ms)
Completed 200 OK in 11ms (Views: 5.5ms | ActiveRecord: 0.0ms)


Started GET "/same_director/1" for 127.0.0.1 at 2019-03-31 11:50:22 -0700

ActionController::RoutingError (No route matches [GET] "/same_director/1"):
  actionpack (4.2.10) lib/action_dispatch/middleware/debug_exceptions.rb:21:in `call'
  web-console (2.3.0) lib/web_console/middleware.rb:28:in `block in call'
  web-console (2.3.0) lib/web_console/middleware.rb:18:in `catch'
  web-console (2.3.0) lib/web_console/middleware.rb:18:in `call'
  actionpack (4.2.10) lib/action_dispatch/middleware/show_exceptions.rb:30:in `call'
  railties (4.2.10) lib/rails/rack/logger.rb:38:in `call_app'
  railties (4.2.10) lib/rails/rack/logger.rb:20:in `block in call'
  activesupport (4.2.10) lib/active_support/tagged_logging.rb:68:in `block in tagged'
  activesupport (4.2.10) lib/active_support/tagged_logging.rb:26:in `tagged'
  activesupport (4.2.10) lib/active_support/tagged_logging.rb:68:in `tagged'
  railties (4.2.10) lib/rails/rack/logger.rb:20:in `call'
  actionpack (4.2.10) lib/action_dispatch/middleware/request_id.rb:21:in `call'
  rack (1.6.11) lib/rack/methodoverride.rb:22:in `call'
  rack (1.6.11) lib/rack/runtime.rb:18:in `call'
  activesupport (4.2.10) lib/active_support/cache/strategy/local_cache_middleware.rb:28:in `call'
  rack (1.6.11) lib/rack/lock.rb:17:in `call'
  actionpack (4.2.10) lib/action_dispatch/middleware/static.rb:120:in `call'
  rack (1.6.11) lib/rack/sendfile.rb:113:in `call'
  railties (4.2.10) lib/rails/engine.rb:518:in `call'
  railties (4.2.10) lib/rails/application.rb:165:in `call'
  rack (1.6.11) lib/rack/lock.rb:17:in `call'
  rack (1.6.11) lib/rack/content_length.rb:15:in `call'
  rack (1.6.11) lib/rack/handler/webrick.rb:88:in `service'
  /home/eric/.rvm/rubies/ruby-2.4.0/lib/ruby/2.4.0/webrick/httpserver.rb:140:in `service'
  /home/eric/.rvm/rubies/ruby-2.4.0/lib/ruby/2.4.0/webrick/httpserver.rb:96:in `run'
  /home/eric/.rvm/rubies/ruby-2.4.0/lib/ruby/2.4.0/webrick/server.rb:290:in `block in start_thread'


  Rendered /home/eric/.rvm/gems/ruby-2.4.0/gems/actionpack-4.2.10/lib/action_dispatch/middleware/templates/rescues/_trace.html.erb (1.0ms)
  Rendered /home/eric/.rvm/gems/ruby-2.4.0/gems/actionpack-4.2.10/lib/action_dispatch/middleware/templates/routes/_table.html.erb (5.6ms)
  Rendered /home/eric/.rvm/gems/ruby-2.4.0/gems/actionpack-4.2.10/lib/action_dispatch/middleware/templates/rescues/_request_and_response.html.erb (0.9ms)
  Rendered /home/eric/.rvm/gems/ruby-2.4.0/gems/actionpack-4.2.10/lib/action_dispatch/middleware/templates/rescues/routing_error.html.erb within rescues/layout (18.7ms)
  Rendered /home/eric/.rvm/gems/ruby-2.4.0/gems/web-console-2.3.0/lib/web_console/templates/_markup.html.erb (0.3ms)
  Rendered /home/eric/.rvm/gems/ruby-2.4.0/gems/web-console-2.3.0/lib/web_console/templates/_inner_console_markup.html.erb within layouts/inlined_string (0.3ms)
  Rendered /home/eric/.rvm/gems/ruby-2.4.0/gems/web-console-2.3.0/lib/web_console/templates/_prompt_box_markup.html.erb within layouts/inlined_string (0.2ms)
  Rendered /home/eric/.rvm/gems/ruby-2.4.0/gems/web-console-2.3.0/lib/web_console/templates/style.css.erb within layouts/inlined_string (0.2ms)
  Rendered /home/eric/.rvm/gems/ruby-2.4.0/gems/web-console-2.3.0/lib/web_console/templates/console.js.erb within layouts/javascript (12.5ms)
  Rendered /home/eric/.rvm/gems/ruby-2.4.0/gems/web-console-2.3.0/lib/web_console/templates/main.js.erb within layouts/javascript (0.1ms)
  Rendered /home/eric/.rvm/gems/ruby-2.4.0/gems/web-console-2.3.0/lib/web_console/templates/error_page.js.erb within layouts/javascript (0.2ms)
  Rendered /home/eric/.rvm/gems/ruby-2.4.0/gems/web-console-2.3.0/lib/web_console/templates/index.html.erb (22.7ms)


Started GET "/" for 127.0.0.1 at 2019-03-31 12:15:12 -0700
Processing by Rails::WelcomeController#index as HTML
  Rendered /home/eric/.rvm/gems/ruby-2.4.0/gems/railties-4.2.10/lib/rails/templates/rails/welcome/index.html.erb (0.6ms)
Completed 200 OK in 10ms (Views: 5.0ms | ActiveRecord: 0.0ms)


Started GET "/api/academics/degree_progress/ugrd" for 127.0.0.1 at 2019-03-31 12:15:16 -0700
Processing by MyDegreeProgressController#get_undergraduate_requirements as JSON
Completed 200 OK in 0ms (Views: 0.1ms | ActiveRecord: 0.0ms)


Started GET "/" for 127.0.0.1 at 2019-03-31 12:15:22 -0700
Processing by Rails::WelcomeController#index as HTML
  Rendered /home/eric/.rvm/gems/ruby-2.4.0/gems/railties-4.2.10/lib/rails/templates/rails/welcome/index.html.erb (0.1ms)
Completed 200 OK in 1ms (Views: 0.8ms | ActiveRecord: 0.0ms)


Started GET "/api/academics/degree_progress/ugrd" for 127.0.0.1 at 2019-03-31 12:17:51 -0700
Processing by MyDegreeProgressController#get_undergraduate_requirements as JSON
Completed 500 Internal Server Error in 11ms (ActiveRecord: 0.0ms)

ActionView::MissingTemplate (Missing template my_degree_progress/get_undergraduate_requirements, application/get_undergraduate_requirements with {:locale=>[:en], :formats=>[:json], :variants=>[], :handlers=>[:erb, :builder, :raw, :ruby, :coffee, :jbuilder]}. Searched in:
  * "/home/eric/Academics/cs169/calcentral-front-end/calcentral-front-end/app/views"
):
  app/controllers/my_degree_progress_controller.rb:3:in `get_undergraduate_requirements'


  Rendered /home/eric/.rvm/gems/ruby-2.4.0/gems/actionpack-4.2.10/lib/action_dispatch/middleware/templates/rescues/_source.erb (2.9ms)
  Rendered /home/eric/.rvm/gems/ruby-2.4.0/gems/actionpack-4.2.10/lib/action_dispatch/middleware/templates/rescues/_trace.html.erb (1.6ms)
  Rendered /home/eric/.rvm/gems/ruby-2.4.0/gems/actionpack-4.2.10/lib/action_dispatch/middleware/templates/rescues/_request_and_response.html.erb (0.5ms)
  Rendered /home/eric/.rvm/gems/ruby-2.4.0/gems/actionpack-4.2.10/lib/action_dispatch/middleware/templates/rescues/missing_template.html.erb within rescues/layout (14.1ms)
  Rendered /home/eric/.rvm/gems/ruby-2.4.0/gems/web-console-2.3.0/lib/web_console/templates/_markup.html.erb (0.2ms)
  Rendered /home/eric/.rvm/gems/ruby-2.4.0/gems/web-console-2.3.0/lib/web_console/templates/_inner_console_markup.html.erb within layouts/inlined_string (0.2ms)
  Rendered /home/eric/.rvm/gems/ruby-2.4.0/gems/web-console-2.3.0/lib/web_console/templates/_prompt_box_markup.html.erb within layouts/inlined_string (0.2ms)
  Rendered /home/eric/.rvm/gems/ruby-2.4.0/gems/web-console-2.3.0/lib/web_console/templates/style.css.erb within layouts/inlined_string (0.2ms)
  Rendered /home/eric/.rvm/gems/ruby-2.4.0/gems/web-console-2.3.0/lib/web_console/templates/console.js.erb within layouts/javascript (12.5ms)
  Rendered /home/eric/.rvm/gems/ruby-2.4.0/gems/web-console-2.3.0/lib/web_console/templates/main.js.erb within layouts/javascript (0.1ms)
  Rendered /home/eric/.rvm/gems/ruby-2.4.0/gems/web-console-2.3.0/lib/web_console/templates/error_page.js.erb within layouts/javascript (0.2ms)
  Rendered /home/eric/.rvm/gems/ruby-2.4.0/gems/web-console-2.3.0/lib/web_console/templates/index.html.erb (23.0ms)


Started GET "/api/academics/degree_progress/ugrd" for 127.0.0.1 at 2019-03-31 12:19:08 -0700
Processing by MyDegreeProgressController#get_undergraduate_requirements as JSON
Completed 500 Internal Server Error in 11ms (ActiveRecord: 0.0ms)

NoMethodError (undefined method `redirect' for #<MyDegreeProgressController:0x00000004b6b2d8>
Did you mean?  redirect_to):
  app/controllers/my_degree_progress_controller.rb:3:in `get_undergraduate_requirements'


  Rendered /home/eric/.rvm/gems/ruby-2.4.0/gems/actionpack-4.2.10/lib/action_dispatch/middleware/templates/rescues/_source.erb (2.8ms)
  Rendered /home/eric/.rvm/gems/ruby-2.4.0/gems/actionpack-4.2.10/lib/action_dispatch/middleware/templates/rescues/_trace.html.erb (1.1ms)
  Rendered /home/eric/.rvm/gems/ruby-2.4.0/gems/actionpack-4.2.10/lib/action_dispatch/middleware/templates/rescues/_request_and_response.html.erb (0.4ms)
  Rendered /home/eric/.rvm/gems/ruby-2.4.0/gems/actionpack-4.2.10/lib/action_dispatch/middleware/templates/rescues/diagnostics.html.erb within rescues/layout (14.8ms)
  Rendered /home/eric/.rvm/gems/ruby-2.4.0/gems/web-console-2.3.0/lib/web_console/templates/_markup.html.erb (0.3ms)
  Rendered /home/eric/.rvm/gems/ruby-2.4.0/gems/web-console-2.3.0/lib/web_console/templates/_inner_console_markup.html.erb within layouts/inlined_string (0.1ms)
  Rendered /home/eric/.rvm/gems/ruby-2.4.0/gems/web-console-2.3.0/lib/web_console/templates/_prompt_box_markup.html.erb within layouts/inlined_string (0.1ms)
  Rendered /home/eric/.rvm/gems/ruby-2.4.0/gems/web-console-2.3.0/lib/web_console/templates/style.css.erb within layouts/inlined_string (0.2ms)
  Rendered /home/eric/.rvm/gems/ruby-2.4.0/gems/web-console-2.3.0/lib/web_console/templates/console.js.erb within layouts/javascript (11.1ms)
  Rendered /home/eric/.rvm/gems/ruby-2.4.0/gems/web-console-2.3.0/lib/web_console/templates/main.js.erb within layouts/javascript (0.3ms)
  Rendered /home/eric/.rvm/gems/ruby-2.4.0/gems/web-console-2.3.0/lib/web_console/templates/error_page.js.erb within layouts/javascript (0.2ms)
  Rendered /home/eric/.rvm/gems/ruby-2.4.0/gems/web-console-2.3.0/lib/web_console/templates/index.html.erb (23.4ms)


Started GET "/api/academics/degree_progress/ugrd" for 127.0.0.1 at 2019-03-31 12:19:29 -0700
Processing by MyDegreeProgressController#get_undergraduate_requirements as JSON
Redirected to http://localhost:3000/dummy/json/degree_progress_ugrd.json
Completed 500 Internal Server Error in 6ms (ActiveRecord: 0.0ms)

AbstractController::DoubleRenderError (Render and/or redirect were called multiple times in this action. Please note that you may only call render OR redirect, and at most once per action. Also note that neither redirect nor render terminate execution of the action, so if you want to exit an action after redirecting, you need to do something like "redirect_to(...) and return".):
  app/controllers/my_degree_progress_controller.rb:3:in `get_undergraduate_requirements'


  Rendered /home/eric/.rvm/gems/ruby-2.4.0/gems/actionpack-4.2.10/lib/action_dispatch/middleware/templates/rescues/_source.erb (4.3ms)
  Rendered /home/eric/.rvm/gems/ruby-2.4.0/gems/actionpack-4.2.10/lib/action_dispatch/middleware/templates/rescues/_trace.html.erb (1.2ms)
  Rendered /home/eric/.rvm/gems/ruby-2.4.0/gems/actionpack-4.2.10/lib/action_dispatch/middleware/templates/rescues/_request_and_response.html.erb (0.4ms)
  Rendered /home/eric/.rvm/gems/ruby-2.4.0/gems/actionpack-4.2.10/lib/action_dispatch/middleware/templates/rescues/diagnostics.html.erb within rescues/layout (14.9ms)
  Rendered /home/eric/.rvm/gems/ruby-2.4.0/gems/web-console-2.3.0/lib/web_console/templates/_markup.html.erb (0.2ms)
  Rendered /home/eric/.rvm/gems/ruby-2.4.0/gems/web-console-2.3.0/lib/web_console/templates/_inner_console_markup.html.erb within layouts/inlined_string (0.1ms)
  Rendered /home/eric/.rvm/gems/ruby-2.4.0/gems/web-console-2.3.0/lib/web_console/templates/_prompt_box_markup.html.erb within layouts/inlined_string (0.1ms)
  Rendered /home/eric/.rvm/gems/ruby-2.4.0/gems/web-console-2.3.0/lib/web_console/templates/style.css.erb within layouts/inlined_string (0.1ms)
  Rendered /home/eric/.rvm/gems/ruby-2.4.0/gems/web-console-2.3.0/lib/web_console/templates/console.js.erb within layouts/javascript (11.4ms)
  Rendered /home/eric/.rvm/gems/ruby-2.4.0/gems/web-console-2.3.0/lib/web_console/templates/main.js.erb within layouts/javascript (0.2ms)
  Rendered /home/eric/.rvm/gems/ruby-2.4.0/gems/web-console-2.3.0/lib/web_console/templates/error_page.js.erb within layouts/javascript (0.2ms)
  Rendered /home/eric/.rvm/gems/ruby-2.4.0/gems/web-console-2.3.0/lib/web_console/templates/index.html.erb (23.0ms)


Started GET "/api/academics/degree_progress/ugrd" for 127.0.0.1 at 2019-03-31 12:21:09 -0700
Processing by MyDegreeProgressController#get_undergraduate_requirements as JSON
Completed 500 Internal Server Error in 11ms (ActiveRecord: 0.0ms)

ActionView::MissingTemplate (Missing template dummy/json/degree_progress_ugrd.json with {:locale=>[:en], :formats=>[:json], :variants=>[], :handlers=>[:erb, :builder, :raw, :ruby, :coffee, :jbuilder]}. Searched in:
  * "/home/eric/Academics/cs169/calcentral-front-end/calcentral-front-end/app/views"
  * "/home/eric/Academics/cs169/calcentral-front-end/calcentral-front-end"
  * "/"
):
  app/controllers/my_degree_progress_controller.rb:3:in `get_undergraduate_requirements'


  Rendered /home/eric/.rvm/gems/ruby-2.4.0/gems/actionpack-4.2.10/lib/action_dispatch/middleware/templates/rescues/_source.erb (3.6ms)
  Rendered /home/eric/.rvm/gems/ruby-2.4.0/gems/actionpack-4.2.10/lib/action_dispatch/middleware/templates/rescues/_trace.html.erb (1.4ms)
  Rendered /home/eric/.rvm/gems/ruby-2.4.0/gems/actionpack-4.2.10/lib/action_dispatch/middleware/templates/rescues/_request_and_response.html.erb (0.4ms)
  Rendered /home/eric/.rvm/gems/ruby-2.4.0/gems/actionpack-4.2.10/lib/action_dispatch/middleware/templates/rescues/missing_template.html.erb within rescues/layout (16.1ms)
  Rendered /home/eric/.rvm/gems/ruby-2.4.0/gems/web-console-2.3.0/lib/web_console/templates/_markup.html.erb (0.2ms)
  Rendered /home/eric/.rvm/gems/ruby-2.4.0/gems/web-console-2.3.0/lib/web_console/templates/_inner_console_markup.html.erb within layouts/inlined_string (0.2ms)
  Rendered /home/eric/.rvm/gems/ruby-2.4.0/gems/web-console-2.3.0/lib/web_console/templates/_prompt_box_markup.html.erb within layouts/inlined_string (0.1ms)
  Rendered /home/eric/.rvm/gems/ruby-2.4.0/gems/web-console-2.3.0/lib/web_console/templates/style.css.erb within layouts/inlined_string (0.3ms)
  Rendered /home/eric/.rvm/gems/ruby-2.4.0/gems/web-console-2.3.0/lib/web_console/templates/console.js.erb within layouts/javascript (12.1ms)
  Rendered /home/eric/.rvm/gems/ruby-2.4.0/gems/web-console-2.3.0/lib/web_console/templates/main.js.erb within layouts/javascript (0.2ms)
  Rendered /home/eric/.rvm/gems/ruby-2.4.0/gems/web-console-2.3.0/lib/web_console/templates/error_page.js.erb within layouts/javascript (0.2ms)
  Rendered /home/eric/.rvm/gems/ruby-2.4.0/gems/web-console-2.3.0/lib/web_console/templates/index.html.erb (22.9ms)


Started GET "/api/academics/degree_progress/ugrd" for 127.0.0.1 at 2019-03-31 12:21:44 -0700
Processing by MyDegreeProgressController#get_undergraduate_requirements as JSON
Completed 500 Internal Server Error in 11ms (ActiveRecord: 0.0ms)

ActionView::MissingTemplate (Missing template dummy/json/degree_progress_ugrd.json with {:locale=>[:en], :formats=>[:json], :variants=>[], :handlers=>[:erb, :builder, :raw, :ruby, :coffee, :jbuilder]}. Searched in:
  * "/home/eric/Academics/cs169/calcentral-front-end/calcentral-front-end/app/views"
  * "/home/eric/Academics/cs169/calcentral-front-end/calcentral-front-end"
  * "/"
):
  app/controllers/my_degree_progress_controller.rb:3:in `get_undergraduate_requirements'


  Rendered /home/eric/.rvm/gems/ruby-2.4.0/gems/actionpack-4.2.10/lib/action_dispatch/middleware/templates/rescues/_source.erb (5.0ms)
  Rendered /home/eric/.rvm/gems/ruby-2.4.0/gems/actionpack-4.2.10/lib/action_dispatch/middleware/templates/rescues/_trace.html.erb (1.3ms)
  Rendered /home/eric/.rvm/gems/ruby-2.4.0/gems/actionpack-4.2.10/lib/action_dispatch/middleware/templates/rescues/_request_and_response.html.erb (0.5ms)
  Rendered /home/eric/.rvm/gems/ruby-2.4.0/gems/actionpack-4.2.10/lib/action_dispatch/middleware/templates/rescues/missing_template.html.erb within rescues/layout (16.0ms)
  Rendered /home/eric/.rvm/gems/ruby-2.4.0/gems/web-console-2.3.0/lib/web_console/templates/_markup.html.erb (0.2ms)
  Rendered /home/eric/.rvm/gems/ruby-2.4.0/gems/web-console-2.3.0/lib/web_console/templates/_inner_console_markup.html.erb within layouts/inlined_string (0.1ms)
  Rendered /home/eric/.rvm/gems/ruby-2.4.0/gems/web-console-2.3.0/lib/web_console/templates/_prompt_box_markup.html.erb within layouts/inlined_string (0.1ms)
  Rendered /home/eric/.rvm/gems/ruby-2.4.0/gems/web-console-2.3.0/lib/web_console/templates/style.css.erb within layouts/inlined_string (0.3ms)
  Rendered /home/eric/.rvm/gems/ruby-2.4.0/gems/web-console-2.3.0/lib/web_console/templates/console.js.erb within layouts/javascript (11.7ms)
  Rendered /home/eric/.rvm/gems/ruby-2.4.0/gems/web-console-2.3.0/lib/web_console/templates/main.js.erb within layouts/javascript (0.2ms)
  Rendered /home/eric/.rvm/gems/ruby-2.4.0/gems/web-console-2.3.0/lib/web_console/templates/error_page.js.erb within layouts/javascript (0.2ms)
  Rendered /home/eric/.rvm/gems/ruby-2.4.0/gems/web-console-2.3.0/lib/web_console/templates/index.html.erb (23.1ms)


Started GET "/api/academics/degree_progress/ugrd" for 127.0.0.1 at 2019-03-31 12:22:23 -0700
Processing by MyDegreeProgressController#get_undergraduate_requirements as JSON
  Rendered public/dummy/json/degree_progress_ugrd.json (0.7ms)
Completed 200 OK in 11ms (Views: 6.1ms | ActiveRecord: 0.0ms)


Started GET "/api/academics/degree_progress/ugrd" for 127.0.0.1 at 2019-03-31 12:22:39 -0700
Processing by MyDegreeProgressController#get_undergraduate_requirements as JSON
  Rendered public/dummy/json/degree_progress_ugrd.json (0.7ms)
Completed 200 OK in 11ms (Views: 5.6ms | ActiveRecord: 0.0ms)
